Warning: Section [DefaultInstall] key "AddReg" - there are no section entries to process
Warning: Section [DestinationDirs] key "Shortcuts" is not using the string "%InstallDir%"
Warning: Section [DestinationDirs] key "Files.ARMV4T" is not a valid file list
Warning: Section [DestinationDirs] key "Files.SH3" is not a valid file list
Warning: Section [DestinationDirs] key "Files.SH4" is not a valid file list
Warning: Section [DestinationDirs] key "Files.MIPS16" is not a valid file list
Warning: Section [DestinationDirs] key "Files.MIPSII" is not a valid file list
Warning: Section [DestinationDirs] key "Files.MIPSII_FP" is not a valid file list
Warning: Section [DestinationDirs] key "Files.MIPSIV" is not a valid file list
Warning: Section [DestinationDirs] key "Files.MIPSIV_FP" is not a valid file list
Warning: Section [DestinationDirs] key "Files.X86" is not a valid file list
Warning: Section [DefaultInstall] key "AddReg" - there are no section entries to process
Warning: Section [DefaultInstall] key "AddReg" - there are no section entries to process
Warning: Section [DestinationDirs] key "Shortcuts" is not using the string "%InstallDir%"
Warning: Section [DestinationDirs] key "Files.ARMV4" is not a valid file list
Warning: Section [DestinationDirs] key "Files.SH3" is not a valid file list
Warning: Section [DestinationDirs] key "Files.SH4" is not a valid file list
Warning: Section [DestinationDirs] key "Files.MIPS16" is not a valid file list
Warning: Section [DestinationDirs] key "Files.MIPSII" is not a valid file list
Warning: Section [DestinationDirs] key "Files.MIPSII_FP" is not a valid file list
Warning: Section [DestinationDirs] key "Files.MIPSIV" is not a valid file list
Warning: Section [DestinationDirs] key "Files.MIPSIV_FP" is not a valid file list
Warning: Section [DestinationDirs] key "Files.X86" is not a valid file list
Warning: Section [DefaultInstall] key "AddReg" - there are no section entries to process
Warning: Section [DefaultInstall] key "AddReg" - there are no section entries to process
Warning: Section [DestinationDirs] key "Shortcuts" is not using the string "%InstallDir%"
Warning: Section [DestinationDirs] key "Files.ARMV4" is not a valid file list
Warning: Section [DestinationDirs] key "Files.ARMV4T" is not a valid file list
Warning: Section [DestinationDirs] key "Files.SH4" is not a valid file list
Warning: Section [DestinationDirs] key "Files.MIPS16" is not a valid file list
Warning: Section [DestinationDirs] key "Files.MIPSII" is not a valid file list
Warning: Section [DestinationDirs] key "Files.MIPSII_FP" is not a valid file list
Warning: Section [DestinationDirs] key "Files.MIPSIV" is not a valid file list
Warning: Section [DestinationDirs] key "Files.MIPSIV_FP" is not a valid file list
Warning: Section [DestinationDirs] key "Files.X86" is not a valid file list
Warning: Section [DefaultInstall] key "AddReg" - there are no section entries to process
Warning: Section [DefaultInstall] key "AddReg" - there are no section entries to process
Warning: Section [DestinationDirs] key "Shortcuts" is not using the string "%InstallDir%"
Warning: Section [DestinationDirs] key "Files.ARMV4" is not a valid file list
Warning: Section [DestinationDirs] key "Files.ARMV4T" is not a valid file list
Warning: Section [DestinationDirs] key "Files.SH3" is not a valid file list
Warning: Section [DestinationDirs] key "Files.MIPS16" is not a valid file list
Warning: Section [DestinationDirs] key "Files.MIPSII" is not a valid file list
Warning: Section [DestinationDirs] key "Files.MIPSII_FP" is not a valid file list
Warning: Section [DestinationDirs] key "Files.MIPSIV" is not a valid file list
Warning: Section [DestinationDirs] key "Files.MIPSIV_FP" is not a valid file list
Warning: Section [DestinationDirs] key "Files.X86" is not a valid file list
Warning: Section [DefaultInstall] key "AddReg" - there are no section entries to process
Warning: Section [DefaultInstall] key "AddReg" - there are no section entries to process
Warning: Section [DestinationDirs] key "Shortcuts" is not using the string "%InstallDir%"
Warning: Section [DestinationDirs] key "Files.ARMV4" is not a valid file list
Warning: Section [DestinationDirs] key "Files.ARMV4T" is not a valid file list
Warning: Section [DestinationDirs] key "Files.SH3" is not a valid file list
Warning: Section [DestinationDirs] key "Files.SH4" is not a valid file list
Warning: Section [DestinationDirs] key "Files.MIPSII" is not a valid file list
Warning: Section [DestinationDirs] key "Files.MIPSII_FP" is not a valid file list
Warning: Section [DestinationDirs] key "Files.MIPSIV" is not a valid file list
Warning: Section [DestinationDirs] key "Files.MIPSIV_FP" is not a valid file list
Warning: Section [DestinationDirs] key "Files.X86" is not a valid file list
Warning: Section [DefaultInstall] key "AddReg" - there are no section entries to process
Warning: Section [DefaultInstall] key "AddReg" - there are no section entries to process
Warning: Section [DestinationDirs] key "Shortcuts" is not using the string "%InstallDir%"
Warning: Section [DestinationDirs] key "Files.ARMV4" is not a valid file list
Warning: Section [DestinationDirs] key "Files.ARMV4T" is not a valid file list
Warning: Section [DestinationDirs] key "Files.SH3" is not a valid file list
Warning: Section [DestinationDirs] key "Files.SH4" is not a valid file list
Warning: Section [DestinationDirs] key "Files.MIPS16" is not a valid file list
Warning: Section [DestinationDirs] key "Files.MIPSII_FP" is not a valid file list
Warning: Section [DestinationDirs] key "Files.MIPSIV" is not a valid file list
Warning: Section [DestinationDirs] key "Files.MIPSIV_FP" is not a valid file list
Warning: Section [DestinationDirs] key "Files.X86" is not a valid file list
Warning: Section [DefaultInstall] key "AddReg" - there are no section entries to process
Warning: Section [DefaultInstall] key "AddReg" - there are no section entries to process
Warning: Section [DestinationDirs] key "Shortcuts" is not using the string "%InstallDir%"
Warning: Section [DestinationDirs] key "Files.ARMV4" is not a valid file list
Warning: Section [DestinationDirs] key "Files.ARMV4T" is not a valid file list
Warning: Section [DestinationDirs] key "Files.SH3" is not a valid file list
Warning: Section [DestinationDirs] key "Files.SH4" is not a valid file list
Warning: Section [DestinationDirs] key "Files.MIPS16" is not a valid file list
Warning: Section [DestinationDirs] key "Files.MIPSII" is not a valid file list
Warning: Section [DestinationDirs] key "Files.MIPSIV" is not a valid file list
Warning: Section [DestinationDirs] key "Files.MIPSIV_FP" is not a valid file list
Warning: Section [DestinationDirs] key "Files.X86" is not a valid file list
Warning: Section [DefaultInstall] key "AddReg" - there are no section entries to process
Warning: Section [DefaultInstall] key "AddReg" - there are no section entries to process
Warning: Section [DestinationDirs] key "Shortcuts" is not using the string "%InstallDir%"
Warning: Section [DestinationDirs] key "Files.ARMV4" is not a valid file list
Warning: Section [DestinationDirs] key "Files.ARMV4T" is not a valid file list
Warning: Section [DestinationDirs] key "Files.SH3" is not a valid file list
Warning: Section [DestinationDirs] key "Files.SH4" is not a valid file list
Warning: Section [DestinationDirs] key "Files.MIPS16" is not a valid file list
Warning: Section [DestinationDirs] key "Files.MIPSII" is not a valid file list
Warning: Section [DestinationDirs] key "Files.MIPSII_FP" is not a valid file list
Warning: Section [DestinationDirs] key "Files.MIPSIV_FP" is not a valid file list
Warning: Section [DestinationDirs] key "Files.X86" is not a valid file list
Warning: Section [DefaultInstall] key "AddReg" - there are no section entries to process
Warning: Section [DefaultInstall] key "AddReg" - there are no section entries to process
Warning: Section [DestinationDirs] key "Shortcuts" is not using the string "%InstallDir%"
Warning: Section [DestinationDirs] key "Files.ARMV4" is not a valid file list
Warning: Section [DestinationDirs] key "Files.ARMV4T" is not a valid file list
Warning: Section [DestinationDirs] key "Files.SH3" is not a valid file list
Warning: Section [DestinationDirs] key "Files.SH4" is not a valid file list
Warning: Section [DestinationDirs] key "Files.MIPS16" is not a valid file list
Warning: Section [DestinationDirs] key "Files.MIPSII" is not a valid file list
Warning: Section [DestinationDirs] key "Files.MIPSII_FP" is not a valid file list
Warning: Section [DestinationDirs] key "Files.MIPSIV" is not a valid file list
Warning: Section [DestinationDirs] key "Files.X86" is not a valid file list
Warning: Section [DefaultInstall] key "AddReg" - there are no section entries to process
Warning: Section [DefaultInstall] key "AddReg" - there are no section entries to process
Warning: Section [DestinationDirs] key "Shortcuts" is not using the string "%InstallDir%"
Warning: Section [DestinationDirs] key "Files.ARMV4" is not a valid file list
Warning: Section [DestinationDirs] key "Files.ARMV4T" is not a valid file list
Warning: Section [DestinationDirs] key "Files.SH3" is not a valid file list
Warning: Section [DestinationDirs] key "Files.SH4" is not a valid file list
Warning: Section [DestinationDirs] key "Files.MIPS16" is not a valid file list
Warning: Section [DestinationDirs] key "Files.MIPSII" is not a valid file list
Warning: Section [DestinationDirs] key "Files.MIPSII_FP" is not a valid file list
Warning: Section [DestinationDirs] key "Files.MIPSIV" is not a valid file list
Warning: Section [DestinationDirs] key "Files.MIPSIV_FP" is not a valid file list
Warning: Section [DefaultInstall] key "AddReg" - there are no section entries to process
